<?xml version="1.0" encoding="UTF-8"?>
<!-- Generated by org.testng.reporters.JUnitXMLReporter -->
<testsuite ignored="4" hostname="DESKTOP-L24NCKJ" failures="0" tests="1" name="Default test" time="9.403" errors="0" timestamp="26 Jul 2023 01:02:51 GMT">
  <testcase classname="com.cross.parallel.ParallelTesting" name="searchTestNG" time="8.478"/>
  <testcase classname="com.cross.parallel.ParallelTesting" name="searchbdd" time="0.0">
    <ignored/>
  </testcase> <!-- searchbdd -->
  <testcase classname="com.cross.parallel.ParallelTesting" name="searchJava" time="0.0">
    <ignored/>
  </testcase> <!-- searchJava -->
  <testcase classname="com.cross.parallel.ParallelTesting" name="searchApi" time="0.0">
    <ignored/>
  </testcase> <!-- searchApi -->
  <testcase classname="com.cross.parallel.ParallelTesting" name="searchSelenium" time="0.0">
    <ignored/>
  </testcase> <!-- searchSelenium -->
</testsuite> <!-- Default test -->
